[INFO ] 2019-03-12 17:11:59.055 [main] Menu - Bienvenue dans le menu principale, Vous allez selectionner un jeu
[INFO ] 2019-03-12 17:11:59.055 [main] Menu - Bienvenue dans le menu principale, Vous allez selectionner un jeu
[INFO ] 2019-03-12 17:12:04.710 [main] Menu - Vous avez été redirigez dans le jeu que vous avez choisi
[INFO ] 2019-03-12 17:12:04.710 [main] Menu - Vous avez été redirigez dans le jeu que vous avez choisi
[INFO ] 2019-03-12 17:12:04.715 [main] Mastermind - Vous êtes dans le menu pour le choix des differents mode
[INFO ] 2019-03-12 17:12:04.715 [main] Mastermind - Vous êtes dans le menu pour le choix des differents mode
[INFO ] 2019-03-12 17:12:06.083 [main] Mastermind - Vous avez choisi le mode challenger
[INFO ] 2019-03-12 17:12:06.083 [main] Mastermind - Vous avez choisi le mode challenger
[INFO ] 2019-03-12 17:12:09.708 [main] Mastermind -  Votre partie est terminée vous avez le choix entre plusieurs options 
[INFO ] 2019-03-12 17:12:09.708 [main] Mastermind -  Votre partie est terminée vous avez le choix entre plusieurs options 
[INFO ] 2019-03-12 17:12:14.216 [main] Menu - Bienvenue dans le menu principale, Vous allez selectionner un jeu
[INFO ] 2019-03-12 17:12:14.216 [main] Menu - Bienvenue dans le menu principale, Vous allez selectionner un jeu
[INFO ] 2019-03-12 17:12:15.428 [main] Menu - Vous avez été redirigez dans le jeu que vous avez choisi
[INFO ] 2019-03-12 17:12:15.428 [main] Menu - Vous avez été redirigez dans le jeu que vous avez choisi
[INFO ] 2019-03-12 17:12:15.430 [main] PlusOuMoins - Vous êtes dans le menu pour le choix des differents mode
[INFO ] 2019-03-12 17:12:15.430 [main] PlusOuMoins - Vous êtes dans le menu pour le choix des differents mode
[INFO ] 2019-03-12 17:12:17.496 [main] PlusOuMoins - Vous avez choisi le mode duel
[INFO ] 2019-03-12 17:12:17.496 [main] PlusOuMoins - Vous avez choisi le mode duel
[INFO ] 2019-03-12 17:12:29.037 [main] PlusOuMoins -  Votre partie est terminée vous avez le choix entre plusieurs options 
[INFO ] 2019-03-12 17:12:29.037 [main] PlusOuMoins -  Votre partie est terminée vous avez le choix entre plusieurs options 
[INFO ] 2019-03-12 17:12:37.075 [main] Menu - Bienvenue dans le menu principale, Vous allez selectionner un jeu
[INFO ] 2019-03-12 17:12:37.075 [main] Menu - Bienvenue dans le menu principale, Vous allez selectionner un jeu
[INFO ] 2019-03-12 17:12:39.541 [main] Menu - Vous avez été redirigez dans le jeu que vous avez choisi
[INFO ] 2019-03-12 17:12:39.541 [main] Menu - Vous avez été redirigez dans le jeu que vous avez choisi
[INFO ] 2019-03-12 17:12:39.542 [main] PlusOuMoins - Vous êtes dans le menu pour le choix des differents mode
[INFO ] 2019-03-12 17:12:39.542 [main] PlusOuMoins - Vous êtes dans le menu pour le choix des differents mode
[INFO ] 2019-03-12 17:12:40.556 [main] PlusOuMoins - Vous avez choisi le mode defenseur
[INFO ] 2019-03-12 17:12:40.556 [main] PlusOuMoins - Vous avez choisi le mode defenseur
[INFO ] 2019-03-12 17:12:43.552 [main] PlusOuMoins -  Votre partie est terminée vous avez le choix entre plusieurs options 
[INFO ] 2019-03-12 17:12:43.552 [main] PlusOuMoins -  Votre partie est terminée vous avez le choix entre plusieurs options 
