[INFO ] 2019-03-16 08:13:00.389 [main] Menu - Bienvenue dans le menu principale, Vous allez selectionner un jeu
[INFO ] 2019-03-16 08:13:00.389 [main] Menu - Bienvenue dans le menu principale, Vous allez selectionner un jeu
[INFO ] 2019-03-16 08:13:03.722 [main] Menu - Vous avez été redirigez dans le jeu que vous avez choisi
[INFO ] 2019-03-16 08:13:03.722 [main] Menu - Vous avez été redirigez dans le jeu que vous avez choisi
[INFO ] 2019-03-16 08:13:03.729 [main] Mastermind - Vous êtes dans le menu pour le choix des differents mode
[INFO ] 2019-03-16 08:13:03.729 [main] Mastermind - Vous êtes dans le menu pour le choix des differents mode
[INFO ] 2019-03-16 08:13:05.065 [main] Mastermind - Vous avez choisi le mode challenger
[INFO ] 2019-03-16 08:13:05.065 [main] Mastermind - Vous avez choisi le mode challenger
[INFO ] 2019-03-16 08:13:19.932 [main] Mastermind -  Votre partie est terminée vous avez le choix entre plusieurs options 
[INFO ] 2019-03-16 08:13:19.932 [main] Mastermind -  Votre partie est terminée vous avez le choix entre plusieurs options 
[INFO ] 2019-03-16 08:13:45.137 [main] Mastermind - Vous êtes dans le menu pour le choix des differents mode
[INFO ] 2019-03-16 08:13:45.137 [main] Mastermind - Vous êtes dans le menu pour le choix des differents mode
[INFO ] 2019-03-16 08:13:46.776 [main] Mastermind - Vous avez choisi le mode defenseur
[INFO ] 2019-03-16 08:13:46.776 [main] Mastermind - Vous avez choisi le mode defenseur
[INFO ] 2019-03-16 08:13:49.085 [main] Mastermind -  Votre partie est terminée vous avez le choix entre plusieurs options 
[INFO ] 2019-03-16 08:13:49.085 [main] Mastermind -  Votre partie est terminée vous avez le choix entre plusieurs options 
[INFO ] 2019-03-16 08:14:00.876 [main] Mastermind - Vous êtes dans le menu pour le choix des differents mode
[INFO ] 2019-03-16 08:14:00.876 [main] Mastermind - Vous êtes dans le menu pour le choix des differents mode
[INFO ] 2019-03-16 08:14:02.443 [main] Mastermind - Vous avez choisi le mode duel
[INFO ] 2019-03-16 08:14:02.443 [main] Mastermind - Vous avez choisi le mode duel
[INFO ] 2019-03-16 08:14:08.728 [main] Mastermind -  Votre partie est terminée vous avez le choix entre plusieurs options 
[INFO ] 2019-03-16 08:14:08.728 [main] Mastermind -  Votre partie est terminée vous avez le choix entre plusieurs options 
[INFO ] 2019-03-16 08:14:25.611 [main] Menu - Bienvenue dans le menu principale, Vous allez selectionner un jeu
[INFO ] 2019-03-16 08:14:25.611 [main] Menu - Bienvenue dans le menu principale, Vous allez selectionner un jeu
[INFO ] 2019-03-16 08:14:28.116 [main] Menu - Vous avez été redirigez dans le jeu que vous avez choisi
[INFO ] 2019-03-16 08:14:28.116 [main] Menu - Vous avez été redirigez dans le jeu que vous avez choisi
[INFO ] 2019-03-16 08:14:28.118 [main] PlusOuMoins - Vous êtes dans le menu pour le choix des differents mode
[INFO ] 2019-03-16 08:14:28.118 [main] PlusOuMoins - Vous êtes dans le menu pour le choix des differents mode
[INFO ] 2019-03-16 08:14:30.907 [main] PlusOuMoins - Vous avez choisi le mode duel
[INFO ] 2019-03-16 08:14:30.907 [main] PlusOuMoins - Vous avez choisi le mode duel
[INFO ] 2019-03-16 08:14:52.833 [main] PlusOuMoins -  Votre partie est terminée vous avez le choix entre plusieurs options 
[INFO ] 2019-03-16 08:14:52.833 [main] PlusOuMoins -  Votre partie est terminée vous avez le choix entre plusieurs options 
[INFO ] 2019-03-16 08:14:58.956 [main] PlusOuMoins - Vous êtes dans le menu pour le choix des differents mode
[INFO ] 2019-03-16 08:14:58.956 [main] PlusOuMoins - Vous êtes dans le menu pour le choix des differents mode
[INFO ] 2019-03-16 08:15:00.459 [main] PlusOuMoins - Vous avez choisi le mode challenger
[INFO ] 2019-03-16 08:15:00.459 [main] PlusOuMoins - Vous avez choisi le mode challenger
[INFO ] 2019-03-16 08:15:07.642 [main] PlusOuMoins -  Votre partie est terminée vous avez le choix entre plusieurs options 
[INFO ] 2019-03-16 08:15:07.642 [main] PlusOuMoins -  Votre partie est terminée vous avez le choix entre plusieurs options 
[INFO ] 2019-03-16 08:33:34.755 [main] PlusOuMoins - Vous êtes dans le menu pour le choix des differents mode
[INFO ] 2019-03-16 08:33:34.755 [main] PlusOuMoins - Vous êtes dans le menu pour le choix des differents mode
[INFO ] 2019-03-16 08:33:36.739 [main] PlusOuMoins - Vous avez choisi le mode challenger
[INFO ] 2019-03-16 08:33:36.739 [main] PlusOuMoins - Vous avez choisi le mode challenger
